{"/home/narukaioh/tdd-js/sum.js":{"path":"/home/narukaioh/tdd-js/sum.js","s":{"1":1,"2":3,"3":1,"4":2},"b":{"1":[1,2],"2":[3,3]},"f":{"1":3},"fnMap":{"1":{"name":"sum","line":1,"loc":{"start":{"line":1,"column":17},"end":{"line":1,"column":46}}}},"statementMap":{"1":{"start":{"line":1,"column":0},"end":{"line":4,"column":1}},"2":{"start":{"line":2,"column":1},"end":{"line":2,"column":46}},"3":{"start":{"line":2,"column":38},"end":{"line":2,"column":45}},"4":{"start":{"line":3,"column":1},"end":{"line":3,"column":23}}},"branchMap":{"1":{"line":2,"type":"if","locations":[{"start":{"line":2,"column":1},"end":{"line":2,"column":1}},{"start":{"line":2,"column":1},"end":{"line":2,"column":1}}]},"2":{"line":2,"type":"binary-expr","locations":[{"start":{"line":2,"column":5},"end":{"line":2,"column":17}},{"start":{"line":2,"column":21},"end":{"line":2,"column":34}}]}}}}